<?xml version="1.0" encoding="UTF-8" standalone="yes"?><!DOCTYPE report PUBLIC "-//JACOCO//DTD Report 1.0//EN" "report.dtd"><report name="URLValidatorInCorrect"><sessioninfo id="flip2.engr.oregonstate.edu-4a37be74" start="1528759887763" dump="1528759888394"/><sessioninfo id="flip2.engr.oregonstate.edu-e1b9dc80" start="1528761191481" dump="1528761192143"/><sessioninfo id="flip2.engr.oregonstate.edu-12381bd3" start="1528761258220" dump="1528761258883"/><sessioninfo id="flip2.engr.oregonstate.edu-20d4c0cc" start="1528761344845" dump="1528761345609"/><sessioninfo id="flip2.engr.oregonstate.edu-d6c38b12" start="1528761381843" dump="1528761382607"/><sessioninfo id="flip2.engr.oregonstate.edu-ed5041e5" start="1528761413184" dump="1528761413756"/><sessioninfo id="flip2.engr.oregonstate.edu-7ced7108" start="1528761426356" dump="1528761427104"/><sessioninfo id="flip2.engr.oregonstate.edu-76231171" start="1528761462708" dump="1528761463554"/><sessioninfo id="flip2.engr.oregonstate.edu-47415520" start="1528761474069" dump="1528761474719"/><sessioninfo id="flip2.engr.oregonstate.edu-390ed1c0" start="1528761537279" dump="1528761538143"/><sessioninfo id="flip2.engr.oregonstate.edu-b011bbf1" start="1528761556556" dump="1528761557353"/><sessioninfo id="flip2.engr.oregonstate.edu-30a32a2b" start="1528761587178" dump="1528761587922"/><sessioninfo id="flip2.engr.oregonstate.edu-6eb9c298" start="1528761607127" dump="1528761607822"/><sessioninfo id="flip2.engr.oregonstate.edu-3405ac3e" start="1528761620404" dump="1528761620993"/><sessioninfo id="flip2.engr.oregonstate.edu-344c48f3" start="1528761634976" dump="1528761635803"/><sessioninfo id="flip2.engr.oregonstate.edu-4b8e138b" start="1528761652893" dump="1528761653546"/><sessioninfo id="flip2.engr.oregonstate.edu-542bb18b" start="1528761671617" dump="1528761672275"/><sessioninfo id="flip2.engr.oregonstate.edu-2753a9d3" start="1528761684033" dump="1528761684676"/><sessioninfo id="flip2.engr.oregonstate.edu-b3d04ca4" start="1528761698657" dump="1528761699433"/><sessioninfo id="flip2.engr.oregonstate.edu-42fa9c1a" start="1528761718975" dump="1528761719636"/><sessioninfo id="flip2.engr.oregonstate.edu-45438939" start="1528761835485" dump="1528761836286"/><sessioninfo id="flip2.engr.oregonstate.edu-7e5628a9" start="1528767378395" dump="1528767379043"/><sessioninfo id="flip2.engr.oregonstate.edu-22552cdd" start="1528768040584" dump="1528768041383"/><sessioninfo id="flip2.engr.oregonstate.edu-f6a4ccbd" start="1528768344061" dump="1528768344795"/><sessioninfo id="flip2.engr.oregonstate.edu-49c951d8" start="1528768818387" dump="1528768819011"/><sessioninfo id="flip2.engr.oregonstate.edu-4d9bb338" start="1528769401098" dump="1528769402092"/><sessioninfo id="flip2.engr.oregonstate.edu-5f8db170" start="1528769430439" dump="1528769431140"/><sessioninfo id="flip2.engr.oregonstate.edu-47bca626" start="1528769459445" dump="1528769460247"/><sessioninfo id="flip2.engr.oregonstate.edu-ac78be7d" start="1528769546680" dump="1528769547539"/><sessioninfo id="flip2.engr.oregonstate.edu-37388436" start="1528769709651" dump="1528769710314"/><sessioninfo id="flip2.engr.oregonstate.edu-fdbb3c2d" start="1528769737123" dump="1528769737784"/><sessioninfo id="flip2.engr.oregonstate.edu-87549239" start="1528769812917" dump="1528769813637"/><sessioninfo id="flip2.engr.oregonstate.edu-27ddf18b" start="1528769833008" dump="1528769833703"/><sessioninfo id="flip2.engr.oregonstate.edu-49a76e38" start="1528769938757" dump="1528769939496"/><sessioninfo id="flip2.engr.oregonstate.edu-4a3a6f7f" start="1528769952288" dump="1528769953164"/><sessioninfo id="flip2.engr.oregonstate.edu-f5b5c9d" start="1528770165359" dump="1528770166045"/><sessioninfo id="flip2.engr.oregonstate.edu-31821aa4" start="1528770205698" dump="1528770206422"/><sessioninfo id="flip2.engr.oregonstate.edu-cd6a03ad" start="1528770301338" dump="1528770302092"/><sessioninfo id="flip2.engr.oregonstate.edu-f29a0a22" start="1528771360321" dump="1528771360970"/><sessioninfo id="flip2.engr.oregonstate.edu-ed01f209" start="1528771375395" dump="1528771376113"/><sessioninfo id="flip2.engr.oregonstate.edu-fe93d81f" start="1528771415239" dump="1528771415848"/><sessioninfo id="flip2.engr.oregonstate.edu-d1105bde" start="1528771424748" dump="1528771425390"/><sessioninfo id="flip2.engr.oregonstate.edu-a811a72" start="1528771498360" dump="1528771499075"/><sessioninfo id="flip2.engr.oregonstate.edu-f4d08ba4" start="1528771511760" dump="1528771512437"/><sessioninfo id="flip2.engr.oregonstate.edu-d688baa0" start="1528771553001" dump="1528771553913"/><sessioninfo id="flip2.engr.oregonstate.edu-b7af82da" start="1528771583077" dump="1528771583733"/><sessioninfo id="flip2.engr.oregonstate.edu-fdf0d692" start="1528771592890" dump="1528771593553"/><sessioninfo id="flip2.engr.oregonstate.edu-b76eb74d" start="1528771611615" dump="1528771612326"/><sessioninfo id="flip2.engr.oregonstate.edu-6171a8c" start="1528771628656" dump="1528771629407"/><sessioninfo id="flip2.engr.oregonstate.edu-1cad744" start="1528771693572" dump="1528771694206"/><sessioninfo id="flip2.engr.oregonstate.edu-e640eed6" start="1528771710346" dump="1528771710967"/><package name="calendar"><class name="calendar/ValuesGenerator"><method name="&lt;init&gt;" desc="()V" line="7"><counter type="INSTRUCTION" missed="3" covered="0"/><counter type="LINE" missed="1" covered="0"/><counter type="COMPLEXITY" missed="1" covered="0"/><counter type="METHOD" missed="1" covered="0"/></method><method name="RandInt" desc="(Ljava/util/Random;)I" line="14"><counter type="INSTRUCTION" missed="6" covered="0"/><counter type="LINE" missed="2" covered="0"/><counter type="COMPLEXITY" missed="1" covered="0"/><counter type="METHOD" missed="1" covered="0"/></method><method name="getBoolean" desc="(FLjava/util/Random;)Z" line="24"><counter type="INSTRUCTION" missed="9" covered="0"/><counter type="BRANCH" missed="2" covered="0"/><counter type="LINE" missed="1" covered="0"/><counter type="COMPLEXITY" missed="2" covered="0"/><counter type="METHOD" missed="1" covered="0"/></method><method name="getCharacter" desc="(Ljava/util/Random;)C" line="35"><counter type="INSTRUCTION" missed="7" covered="0"/><counter type="LINE" missed="1" covered="0"/><counter type="COMPLEXITY" missed="1" covered="0"/><counter type="METHOD" missed="1" covered="0"/></method><method name="getString" desc="(Ljava/util/Random;)Ljava/lang/String;" line="39"><counter type="INSTRUCTION" missed="48" covered="0"/><counter type="BRANCH" missed="8" covered="0"/><counter type="LINE" missed="8" covered="0"/><counter type="COMPLEXITY" missed="5" covered="0"/><counter type="METHOD" missed="1" covered="0"/></method><method name="getRandomIntBetween" desc="(Ljava/util/Random;II)I" line="63"><counter type="INSTRUCTION" missed="23" covered="0"/><counter type="LINE" missed="4" covered="0"/><counter type="COMPLEXITY" missed="1" covered="0"/><counter type="METHOD" missed="1" covered="0"/></method><method name="generateRandomArray" desc="(Ljava/util/Random;I)[I" line="71"><counter type="INSTRUCTION" missed="19" covered="0"/><counter type="BRANCH" missed="2" covered="0"/><counter type="LINE" missed="4" covered="0"/><counter type="COMPLEXITY" missed="2" covered="0"/><counter type="METHOD" missed="1" covered="0"/></method><method name="&lt;clinit&gt;" desc="()V" line="28"><counter type="INSTRUCTION" missed="256" covered="0"/><counter type="LINE" missed="1" covered="0"/><counter type="COMPLEXITY" missed="1" covered="0"/><counter type="METHOD" missed="1" covered="0"/></method><counter type="INSTRUCTION" missed="371" covered="0"/><counter type="BRANCH" missed="12" covered="0"/><counter type="LINE" missed="22" covered="0"/><counter type="COMPLEXITY" missed="14" covered="0"/><counter type="METHOD" missed="8" covered="0"/><counter type="CLASS" missed="1" covered="0"/></class><sourcefile name="ValuesGenerator.java"><line nr="7" mi="3" ci="0" mb="0" cb="0"/><line nr="14" mi="4" ci="0" mb="0" cb="0"/><line nr="15" mi="2" ci="0" mb="0" cb="0"/><line nr="24" mi="9" ci="0" mb="2" cb="0"/><line nr="28" mi="256" ci="0" mb="0" cb="0"/><line nr="35" mi="7" ci="0" mb="0" cb="0"/><line nr="39" mi="6" ci="0" mb="2" cb="0"/><line nr="43" mi="9" ci="0" mb="2" cb="0"/><line nr="44" mi="9" ci="0" mb="2" cb="0"/><line nr="45" mi="4" ci="0" mb="0" cb="0"/><line nr="47" mi="3" ci="0" mb="0" cb="0"/><line nr="49" mi="7" ci="0" mb="2" cb="0"/><line nr="50" mi="5" ci="0" mb="0" cb="0"/><line nr="52" mi="5" ci="0" mb="0" cb="0"/><line nr="63" mi="8" ci="0" mb="0" cb="0"/><line nr="64" mi="7" ci="0" mb="0" cb="0"/><line nr="65" mi="6" ci="0" mb="0" cb="0"/><line nr="66" mi="2" ci="0" mb="0" cb="0"/><line nr="71" mi="3" ci="0" mb="0" cb="0"/><line nr="73" mi="7" ci="0" mb="2" cb="0"/><line nr="75" mi="7" ci="0" mb="0" cb="0"/><line nr="77" mi="2" ci="0" mb="0" cb="0"/><counter type="INSTRUCTION" missed="371" covered="0"/><counter type="BRANCH" missed="12" covered="0"/><counter type="LINE" missed="22" covered="0"/><counter type="COMPLEXITY" missed="14" covered="0"/><counter type="METHOD" missed="8" covered="0"/><counter type="CLASS" missed="1" covered="0"/></sourcefile><counter type="INSTRUCTION" missed="371" covered="0"/><counter type="BRANCH" missed="12" covered="0"/><counter type="LINE" missed="22" covered="0"/><counter type="COMPLEXITY" missed="14" covered="0"/><counter type="METHOD" missed="8" covered="0"/><counter type="CLASS" missed="1" covered="0"/></package><package name="finalprojectB"><class name="finalprojectB/DomainValidator$ArrayType"><method name="&lt;init&gt;" desc="(Ljava/lang/String;I)V" line="1866"><counter type="INSTRUCTION" missed="5" covered="0"/><counter type="LINE" missed="1" covered="0"/><counter type="COMPLEXITY" missed="1" covered="0"/><counter type="METHOD" missed="1" covered="0"/></method><method name="&lt;clinit&gt;" desc="()V" line="1866"><counter type="INSTRUCTION" missed="84" covered="0"/><counter type="LINE" missed="9" covered="0"/><counter type="COMPLEXITY" missed="1" covered="0"/><counter type="METHOD" missed="1" covered="0"/></method><counter type="INSTRUCTION" missed="89" covered="0"/><counter type="LINE" missed="9" covered="0"/><counter type="COMPLEXITY" missed="2" covered="0"/><counter type="METHOD" missed="2" covered="0"/><counter type="CLASS" missed="1" covered="0"/></class><class name="finalprojectB/InetAddressValidator"><method name="&lt;init&gt;" desc="()V" line="36"><counter type="INSTRUCTION" missed="9" covered="0"/><counter type="LINE" missed="2" covered="0"/><counter type="COMPLEXITY" missed="1" covered="0"/><counter type="METHOD" missed="1" covered="0"/></method><method name="getInstance" desc="()LfinalprojectB/InetAddressValidator;" line="68"><counter type="INSTRUCTION" missed="2" covered="0"/><counter type="LINE" missed="1" covered="0"/><counter type="COMPLEXITY" missed="1" covered="0"/><counter type="METHOD" missed="1" covered="0"/></method><method name="isValid" desc="(Ljava/lang/String;)Z" line="77"><counter type="INSTRUCTION" missed="12" covered="0"/><counter type="BRANCH" missed="4" covered="0"/><counter type="LINE" missed="1" covered="0"/><counter type="COMPLEXITY" missed="3" covered="0"/><counter type="METHOD" missed="1" covered="0"/></method><method name="isValidInet4Address" desc="(Ljava/lang/String;)Z" line="87"><counter type="INSTRUCTION" missed="58" covered="0"/><counter type="BRANCH" missed="14" covered="0"/><counter type="LINE" missed="16" covered="0"/><counter type="COMPLEXITY" missed="8" covered="0"/><counter type="METHOD" missed="1" covered="0"/></method><method name="isValidInet6Address" desc="(Ljava/lang/String;)Z" line="127"><counter type="INSTRUCTION" missed="159" covered="0"/><counter type="BRANCH" missed="46" covered="0"/><counter type="LINE" missed="43" covered="0"/><counter type="COMPLEXITY" missed="24" covered="0"/><counter type="METHOD" missed="1" covered="0"/></method><method name="&lt;clinit&gt;" desc="()V" line="58"><counter type="INSTRUCTION" missed="5" covered="0"/><counter type="LINE" missed="1" covered="0"/><counter type="COMPLEXITY" missed="1" covered="0"/><counter type="METHOD" missed="1" covered="0"/></method><counter type="INSTRUCTION" missed="245" covered="0"/><counter type="BRANCH" missed="64" covered="0"/><counter type="LINE" missed="64" covered="0"/><counter type="COMPLEXITY" missed="38" covered="0"/><counter type="METHOD" missed="6" covered="0"/><counter type="CLASS" missed="1" covered="0"/></class><class name="finalprojectB/RegexValidator"><method name="&lt;init&gt;" desc="(Ljava/lang/String;)V" line="83"><counter type="INSTRUCTION" missed="5" covered="0"/><counter type="LINE" missed="2" covered="0"/><counter type="COMPLEXITY" missed="1" covered="0"/><counter type="METHOD" missed="1" covered="0"/></method><method name="&lt;init&gt;" desc="(Ljava/lang/String;Z)V" line="96"><counter type="INSTRUCTION" missed="10" covered="0"/><counter type="LINE" missed="2" covered="0"/><counter type="COMPLEXITY" missed="1" covered="0"/><counter type="METHOD" missed="1" covered="0"/></method><method name="&lt;init&gt;" desc="([Ljava/lang/String;)V" line="107"><counter type="INSTRUCTION" missed="5" covered="0"/><counter type="LINE" missed="2" covered="0"/><counter type="COMPLEXITY" missed="1" covered="0"/><counter type="METHOD" missed="1" covered="0"/></method><method name="&lt;init&gt;" desc="([Ljava/lang/String;Z)V" line="119"><counter type="INSTRUCTION" missed="57" covered="9"/><counter type="BRANCH" missed="11" covered="1"/><counter type="LINE" missed="7" covered="3"/><counter type="COMPLEXITY" missed="6" covered="1"/><counter type="METHOD" missed="0" covered="1"/></method><method name="isValid" desc="(Ljava/lang/String;)Z" line="141"><counter type="INSTRUCTION" missed="25" covered="0"/><counter type="BRANCH" missed="6" covered="0"/><counter type="LINE" missed="6" covered="0"/><counter type="COMPLEXITY" missed="4" covered="0"/><counter type="METHOD" missed="1" covered="0"/></method><method name="match" desc="(Ljava/lang/String;)[Ljava/lang/String;" line="161"><counter type="INSTRUCTION" missed="48" covered="0"/><counter type="BRANCH" missed="8" covered="0"/><counter type="LINE" missed="11" covered="0"/><counter type="COMPLEXITY" missed="5" covered="0"/><counter type="METHOD" missed="1" covered="0"/></method><method name="validate" desc="(Ljava/lang/String;)Ljava/lang/String;" line="188"><counter type="INSTRUCTION" missed="61" covered="0"/><counter type="BRANCH" missed="12" covered="0"/><counter type="LINE" missed="15" covered="0"/><counter type="COMPLEXITY" missed="7" covered="0"/><counter type="METHOD" missed="1" covered="0"/></method><method name="toString" desc="()Ljava/lang/String;" line="217"><counter type="INSTRUCTION" missed="38" covered="0"/><counter type="BRANCH" missed="4" covered="0"/><counter type="LINE" missed="8" covered="0"/><counter type="COMPLEXITY" missed="3" covered="0"/><counter type="METHOD" missed="1" covered="0"/></method><counter type="INSTRUCTION" missed="249" covered="9"/><counter type="BRANCH" missed="41" covered="1"/><counter type="LINE" missed="53" covered="3"/><counter type="COMPLEXITY" missed="28" covered="1"/><counter type="METHOD" missed="7" covered="1"/><counter type="CLASS" missed="0" covered="1"/></class><class name="finalprojectB/ResultPair"><method name="&lt;init&gt;" desc="(Ljava/lang/String;Z)V" line="28"><counter type="INSTRUCTION" missed="13" covered="0"/><counter type="BRANCH" missed="2" covered="0"/><counter type="LINE" missed="4" covered="0"/><counter type="COMPLEXITY" missed="2" covered="0"/><counter type="METHOD" missed="1" covered="0"/></method><counter type="INSTRUCTION" missed="13" covered="0"/><counter type="BRANCH" missed="2" covered="0"/><counter type="LINE" missed="4" covered="0"/><counter type="COMPLEXITY" missed="2" covered="0"/><counter type="METHOD" missed="1" covered="0"/><counter type="CLASS" missed="1" covered="0"/></class><class name="finalprojectB/DomainValidator$1"><method name="&lt;clinit&gt;" desc="()V" line="1927"><counter type="INSTRUCTION" missed="61" covered="0"/><counter type="LINE" missed="1" covered="0"/><counter type="COMPLEXITY" missed="1" covered="0"/><counter type="METHOD" missed="1" covered="0"/></method><counter type="INSTRUCTION" missed="61" covered="0"/><counter type="LINE" missed="1" covered="0"/><counter type="COMPLEXITY" missed="1" covered="0"/><counter type="METHOD" missed="1" covered="0"/><counter type="CLASS" missed="1" covered="0"/></class><class name="finalprojectB/DomainValidator$IDNBUGHOLDER"><method name="keepsTrailingDot" desc="()Z" line="2033"><counter type="INSTRUCTION" missed="7" covered="0"/><counter type="LINE" missed="2" covered="0"/><counter type="COMPLEXITY" missed="1" covered="0"/><counter type="METHOD" missed="1" covered="0"/></method><method name="&lt;clinit&gt;" desc="()V" line="2036"><counter type="INSTRUCTION" missed="3" covered="0"/><counter type="LINE" missed="1" covered="0"/><counter type="COMPLEXITY" missed="1" covered="0"/><counter type="METHOD" missed="1" covered="0"/></method><counter type="INSTRUCTION" missed="10" covered="0"/><counter type="LINE" missed="3" covered="0"/><counter type="COMPLEXITY" missed="2" covered="0"/><counter type="METHOD" missed="2" covered="0"/><counter type="CLASS" missed="1" covered="0"/></class><class name="finalprojectB/DomainValidator"><method name="getInstance" desc="()LfinalprojectB/DomainValidator;" line="122"><counter type="INSTRUCTION" missed="4" covered="0"/><counter type="LINE" missed="2" covered="0"/><counter type="COMPLEXITY" missed="1" covered="0"/><counter type="METHOD" missed="1" covered="0"/></method><method name="getInstance" desc="(Z)LfinalprojectB/DomainValidator;" line="133"><counter type="INSTRUCTION" missed="8" covered="0"/><counter type="BRANCH" missed="2" covered="0"/><counter type="LINE" missed="4" covered="0"/><counter type="COMPLEXITY" missed="2" covered="0"/><counter type="METHOD" missed="1" covered="0"/></method><method name="&lt;init&gt;" desc="(Z)V" line="107"><counter type="INSTRUCTION" missed="16" covered="2"/><counter type="LINE" missed="4" covered="1"/><counter type="COMPLEXITY" missed="0" covered="1"/><counter type="METHOD" missed="0" covered="1"/></method><method name="isValid" desc="(Ljava/lang/String;)Z" line="153"><counter type="INSTRUCTION" missed="45" covered="0"/><counter type="BRANCH" missed="14" covered="0"/><counter type="LINE" missed="9" covered="0"/><counter type="COMPLEXITY" missed="8" covered="0"/><counter type="METHOD" missed="1" covered="0"/></method><method name="isValidDomainSyntax" desc="(Ljava/lang/String;)Z" line="174"><counter type="INSTRUCTION" missed="32" covered="0"/><counter type="BRANCH" missed="10" covered="0"/><counter type="LINE" missed="8" covered="0"/><counter type="COMPLEXITY" missed="6" covered="0"/><counter type="METHOD" missed="1" covered="0"/></method><method name="isValidTld" desc="(Ljava/lang/String;)Z" line="198"><counter type="INSTRUCTION" missed="28" covered="0"/><counter type="BRANCH" missed="10" covered="0"/><counter type="LINE" missed="6" covered="0"/><counter type="COMPLEXITY" missed="6" covered="0"/><counter type="METHOD" missed="1" covered="0"/></method><method name="isValidInfrastructureTld" desc="(Ljava/lang/String;)Z" line="215"><counter type="INSTRUCTION" missed="11" covered="0"/><counter type="LINE" missed="2" covered="0"/><counter type="COMPLEXITY" missed="1" covered="0"/><counter type="METHOD" missed="1" covered="0"/></method><method name="isValidGenericTld" desc="(Ljava/lang/String;)Z" line="227"><counter type="INSTRUCTION" missed="23" covered="0"/><counter type="BRANCH" missed="6" covered="0"/><counter type="LINE" missed="3" covered="0"/><counter type="COMPLEXITY" missed="4" covered="0"/><counter type="METHOD" missed="1" covered="0"/></method><method name="isValidCountryCodeTld" desc="(Ljava/lang/String;)Z" line="240"><counter type="INSTRUCTION" missed="23" covered="0"/><counter type="BRANCH" missed="6" covered="0"/><counter type="LINE" missed="3" covered="0"/><counter type="COMPLEXITY" missed="4" covered="0"/><counter type="METHOD" missed="1" covered="0"/></method><method name="isValidLocalTld" desc="(Ljava/lang/String;)Z" line="253"><counter type="INSTRUCTION" missed="11" covered="0"/><counter type="LINE" missed="2" covered="0"/><counter type="COMPLEXITY" missed="1" covered="0"/><counter type="METHOD" missed="1" covered="0"/></method><method name="chompLeadingDot" desc="(Ljava/lang/String;)Ljava/lang/String;" line="258"><counter type="INSTRUCTION" missed="10" covered="0"/><counter type="BRANCH" missed="2" covered="0"/><counter type="LINE" missed="3" covered="0"/><counter type="COMPLEXITY" missed="2" covered="0"/><counter type="METHOD" missed="1" covered="0"/></method><method name="clearTLDOverrides" desc="()V" line="1888"><counter type="INSTRUCTION" missed="11" covered="0"/><counter type="LINE" missed="6" covered="0"/><counter type="COMPLEXITY" missed="1" covered="0"/><counter type="METHOD" missed="1" covered="0"/></method><method name="updateTLDOverride" desc="(LfinalprojectB/DomainValidator$ArrayType;[Ljava/lang/String;)V" line="1918"><counter type="INSTRUCTION" missed="71" covered="0"/><counter type="BRANCH" missed="10" covered="0"/><counter type="LINE" missed="18" covered="0"/><counter type="COMPLEXITY" missed="8" covered="0"/><counter type="METHOD" missed="1" covered="0"/></method><method name="getTLDEntries" desc="(LfinalprojectB/DomainValidator$ArrayType;)[Ljava/lang/String;" line="1959"><counter type="INSTRUCTION" missed="47" covered="0"/><counter type="BRANCH" missed="9" covered="0"/><counter type="LINE" missed="19" covered="0"/><counter type="COMPLEXITY" missed="9" covered="0"/><counter type="METHOD" missed="1" covered="0"/></method><method name="unicodeToASCII" desc="(Ljava/lang/String;)Ljava/lang/String;" line="1999"><counter type="INSTRUCTION" missed="41" covered="0"/><counter type="BRANCH" missed="8" covered="0"/><counter type="LINE" missed="14" covered="0"/><counter type="COMPLEXITY" missed="5" covered="0"/><counter type="METHOD" missed="1" covered="0"/></method><method name="isOnlyASCII" desc="(Ljava/lang/String;)Z" line="2044"><counter type="INSTRUCTION" missed="21" covered="0"/><counter type="BRANCH" missed="6" covered="0"/><counter type="LINE" missed="6" covered="0"/><counter type="COMPLEXITY" missed="4" covered="0"/><counter type="METHOD" missed="1" covered="0"/></method><method name="arrayContains" desc="([Ljava/lang/String;Ljava/lang/String;)Z" line="2063"><counter type="INSTRUCTION" missed="8" covered="0"/><counter type="BRANCH" missed="2" covered="0"/><counter type="LINE" missed="1" covered="0"/><counter type="COMPLEXITY" missed="2" covered="0"/><counter type="METHOD" missed="1" covered="0"/></method><method name="&lt;clinit&gt;" desc="()V" line="67"><counter type="INSTRUCTION" missed="6153" covered="3"/><counter type="LINE" missed="11" covered="1"/><counter type="COMPLEXITY" missed="0" covered="1"/><counter type="METHOD" missed="0" covered="1"/></method><counter type="INSTRUCTION" missed="6563" covered="5"/><counter type="BRANCH" missed="85" covered="0"/><counter type="LINE" missed="121" covered="2"/><counter type="COMPLEXITY" missed="64" covered="2"/><counter type="METHOD" missed="16" covered="2"/><counter type="CLASS" missed="0" covered="1"/></class><class name="finalprojectB/UrlValidator"><method name="getInstance" desc="()LfinalprojectB/UrlValidator;" line="206"><counter type="INSTRUCTION" missed="2" covered="0"/><counter type="LINE" missed="1" covered="0"/><counter type="COMPLEXITY" missed="1" covered="0"/><counter type="METHOD" missed="1" covered="0"/></method><method name="&lt;init&gt;" desc="()V" line="213"><counter type="INSTRUCTION" missed="0" covered="4"/><counter type="LINE" missed="0" covered="2"/><counter type="COMPLEXITY" missed="0" covered="1"/><counter type="METHOD" missed="0" covered="1"/></method><method name="&lt;init&gt;" desc="([Ljava/lang/String;)V" line="225"><counter type="INSTRUCTION" missed="0" covered="5"/><counter type="LINE" missed="0" covered="2"/><counter type="COMPLEXITY" missed="0" covered="1"/><counter type="METHOD" missed="0" covered="1"/></method><method name="&lt;init&gt;" desc="(J)V" line="235"><counter type="INSTRUCTION" missed="6" covered="0"/><counter type="LINE" missed="2" covered="0"/><counter type="COMPLEXITY" missed="1" covered="0"/><counter type="METHOD" missed="1" covered="0"/></method><method name="&lt;init&gt;" desc="([Ljava/lang/String;J)V" line="246"><counter type="INSTRUCTION" missed="0" covered="6"/><counter type="LINE" missed="0" covered="2"/><counter type="COMPLEXITY" missed="0" covered="1"/><counter type="METHOD" missed="0" covered="1"/></method><method name="&lt;init&gt;" desc="(LfinalprojectB/RegexValidator;J)V" line="259"><counter type="INSTRUCTION" missed="6" covered="0"/><counter type="LINE" missed="2" covered="0"/><counter type="COMPLEXITY" missed="1" covered="0"/><counter type="METHOD" missed="1" covered="0"/></method><method name="&lt;init&gt;" desc="([Ljava/lang/String;LfinalprojectB/RegexValidator;J)V" line="271"><counter type="INSTRUCTION" missed="0" covered="45"/><counter type="BRANCH" missed="1" covered="5"/><counter type="LINE" missed="0" covered="11"/><counter type="COMPLEXITY" missed="1" covered="3"/><counter type="METHOD" missed="0" covered="1"/></method><method name="isValid" desc="(Ljava/lang/String;)Z" line="301"><counter type="INSTRUCTION" missed="6" covered="65"/><counter type="BRANCH" missed="4" covered="16"/><counter type="LINE" missed="3" covered="19"/><counter type="COMPLEXITY" missed="4" covered="7"/><counter type="METHOD" missed="0" covered="1"/></method><method name="isValidScheme" desc="(Ljava/lang/String;)Z" line="359"><counter type="INSTRUCTION" missed="0" covered="26"/><counter type="BRANCH" missed="1" covered="7"/><counter type="LINE" missed="0" covered="7"/><counter type="COMPLEXITY" missed="1" covered="4"/><counter type="METHOD" missed="0" covered="1"/></method><method name="isValidAuthority" desc="(Ljava/lang/String;)Z" line="386"><counter type="INSTRUCTION" missed="92" covered="7"/><counter type="BRANCH" missed="25" covered="3"/><counter type="LINE" missed="29" covered="3"/><counter type="COMPLEXITY" missed="13" covered="2"/><counter type="METHOD" missed="0" covered="1"/></method><method name="isValidPath" desc="(Ljava/lang/String;)Z" line="449"><counter type="INSTRUCTION" missed="9" covered="43"/><counter type="BRANCH" missed="5" covered="7"/><counter type="LINE" missed="5" covered="11"/><counter type="COMPLEXITY" missed="5" covered="2"/><counter type="METHOD" missed="0" covered="1"/></method><method name="isValidQuery" desc="(Ljava/lang/String;)Z" line="482"><counter type="INSTRUCTION" missed="0" covered="9"/><counter type="BRANCH" missed="0" covered="2"/><counter type="LINE" missed="0" covered="3"/><counter type="COMPLEXITY" missed="0" covered="2"/><counter type="METHOD" missed="0" covered="1"/></method><method name="isValidFragment" desc="(Ljava/lang/String;)Z" line="495"><counter type="INSTRUCTION" missed="0" covered="8"/><counter type="BRANCH" missed="0" covered="2"/><counter type="LINE" missed="0" covered="3"/><counter type="COMPLEXITY" missed="0" covered="2"/><counter type="METHOD" missed="0" covered="1"/></method><method name="countToken" desc="(Ljava/lang/String;Ljava/lang/String;)I" line="509"><counter type="INSTRUCTION" missed="3" covered="17"/><counter type="BRANCH" missed="1" covered="3"/><counter type="LINE" missed="2" covered="6"/><counter type="COMPLEXITY" missed="1" covered="2"/><counter type="METHOD" missed="0" covered="1"/></method><method name="isOn" desc="(J)Z" line="530"><counter type="INSTRUCTION" missed="0" covered="11"/><counter type="BRANCH" missed="0" covered="2"/><counter type="LINE" missed="0" covered="1"/><counter type="COMPLEXITY" missed="0" covered="2"/><counter type="METHOD" missed="0" covered="1"/></method><method name="isOff" desc="(J)Z" line="542"><counter type="INSTRUCTION" missed="0" covered="11"/><counter type="BRANCH" missed="0" covered="2"/><counter type="LINE" missed="0" covered="1"/><counter type="COMPLEXITY" missed="0" covered="2"/><counter type="METHOD" missed="0" covered="1"/></method><method name="matchURL" desc="(Ljava/lang/String;)Ljava/util/regex/Matcher;" line="547"><counter type="INSTRUCTION" missed="4" covered="0"/><counter type="LINE" missed="1" covered="0"/><counter type="COMPLEXITY" missed="1" covered="0"/><counter type="METHOD" missed="1" covered="0"/></method><method name="&lt;clinit&gt;" desc="()V" line="112"><counter type="INSTRUCTION" missed="0" covered="35"/><counter type="LINE" missed="0" covered="7"/><counter type="COMPLEXITY" missed="0" covered="1"/><counter type="METHOD" missed="0" covered="1"/></method><counter type="INSTRUCTION" missed="128" covered="292"/><counter type="BRANCH" missed="37" covered="49"/><counter type="LINE" missed="45" covered="78"/><counter type="COMPLEXITY" missed="29" covered="32"/><counter type="METHOD" missed="4" covered="14"/><counter type="CLASS" missed="0" covered="1"/></class><sourcefile name="UrlValidator.java"><line nr="112" mi="0" ci="3" mb="0" cb="0"/><line nr="134" mi="0" ci="3" mb="0" cb="0"/><line nr="154" mi="0" ci="3" mb="0" cb="0"/><line nr="168" mi="0" ci="3" mb="0" cb="0"/><line nr="171" mi="0" ci="3" mb="0" cb="0"/><line nr="192" mi="0" ci="15" mb="0" cb="0"/><line nr="199" mi="0" ci="5" mb="0" cb="0"/><line nr="206" mi="2" ci="0" mb="0" cb="0"/><line nr="213" mi="0" ci="3" mb="0" cb="0"/><line nr="214" mi="0" ci="1" mb="0" cb="0"/><line nr="225" mi="0" ci="4" mb="0" cb="0"/><line nr="226" mi="0" ci="1" mb="0" cb="0"/><line nr="235" mi="5" ci="0" mb="0" cb="0"/><line nr="236" mi="1" ci="0" mb="0" cb="0"/><line nr="246" mi="0" ci="5" mb="0" cb="0"/><line nr="247" mi="0" ci="1" mb="0" cb="0"/><line nr="259" mi="5" ci="0" mb="0" cb="0"/><line nr="260" mi="1" ci="0" mb="0" cb="0"/><line nr="271" mi="0" ci="2" mb="0" cb="0"/><line nr="272" mi="0" ci="3" mb="0" cb="0"/><line nr="274" mi="0" ci="4" mb="0" cb="2"/><line nr="275" mi="0" ci="4" mb="0" cb="0"/><line nr="277" mi="0" ci="2" mb="1" cb="1"/><line nr="278" mi="0" ci="2" mb="0" cb="0"/><line nr="280" mi="0" ci="7" mb="0" cb="0"/><line nr="281" mi="0" ci="8" mb="0" cb="2"/><line nr="282" mi="0" ci="9" mb="0" cb="0"/><line nr="287" mi="0" ci="3" mb="0" cb="0"/><line nr="288" mi="0" ci="1" mb="0" cb="0"/><line nr="301" mi="0" ci="2" mb="0" cb="2"/><line nr="302" mi="0" ci="2" mb="0" cb="0"/><line nr="306" mi="0" ci="4" mb="0" cb="0"/><line nr="307" mi="0" ci="3" mb="1" cb="1"/><line nr="308" mi="2" ci="0" mb="0" cb="0"/><line nr="311" mi="0" ci="4" mb="0" cb="0"/><line nr="312" mi="0" ci="4" mb="0" cb="2"/><line nr="313" mi="0" ci="2" mb="0" cb="0"/><line nr="316" mi="0" ci="4" mb="0" cb="0"/><line nr="320" mi="0" ci="4" mb="0" cb="2"/><line nr="321" mi="0" ci="2" mb="0" cb="2"/><line nr="322" mi="0" ci="4" mb="0" cb="2"/><line nr="323" mi="0" ci="2" mb="0" cb="0"/><line nr="329" mi="0" ci="4" mb="1" cb="1"/><line nr="330" mi="0" ci="2" mb="0" cb="0"/><line nr="334" mi="0" ci="6" mb="0" cb="2"/><line nr="335" mi="0" ci="2" mb="0" cb="0"/><line nr="338" mi="0" ci="6" mb="1" cb="1"/><line nr="339" mi="2" ci="0" mb="0" cb="0"/><line nr="342" mi="0" ci="6" mb="1" cb="1"/><line nr="343" mi="2" ci="0" mb="0" cb="0"/><line nr="346" mi="0" ci="2" mb="0" cb="0"/><line nr="359" mi="0" ci="2" mb="0" cb="2"/><line nr="360" mi="0" ci="2" mb="0" cb="0"/><line nr="364" mi="0" ci="5" mb="0" cb="2"/><line nr="365" mi="0" ci="2" mb="0" cb="0"/><line nr="368" mi="0" ci="11" mb="1" cb="3"/><line nr="369" mi="0" ci="2" mb="0" cb="0"/><line nr="372" mi="0" ci="2" mb="0" cb="0"/><line nr="386" mi="0" ci="2" mb="0" cb="2"/><line nr="387" mi="0" ci="2" mb="0" cb="0"/><line nr="391" mi="5" ci="3" mb="3" cb="1"/><line nr="392" mi="2" ci="0" mb="0" cb="0"/><line nr="395" mi="3" ci="0" mb="0" cb="0"/><line nr="397" mi="4" ci="0" mb="0" cb="0"/><line nr="398" mi="3" ci="0" mb="2" cb="0"/><line nr="399" mi="2" ci="0" mb="0" cb="0"/><line nr="403" mi="4" ci="0" mb="0" cb="0"/><line nr="404" mi="2" ci="0" mb="2" cb="0"/><line nr="405" mi="2" ci="0" mb="0" cb="0"/><line nr="406" mi="4" ci="0" mb="2" cb="0"/><line nr="407" mi="2" ci="0" mb="0" cb="0"/><line nr="409" mi="1" ci="0" mb="0" cb="0"/><line nr="410" mi="4" ci="0" mb="0" cb="0"/><line nr="413" mi="5" ci="0" mb="0" cb="0"/><line nr="414" mi="4" ci="0" mb="2" cb="0"/><line nr="416" mi="2" ci="0" mb="0" cb="0"/><line nr="417" mi="4" ci="0" mb="2" cb="0"/><line nr="419" mi="2" ci="0" mb="0" cb="0"/><line nr="422" mi="4" ci="0" mb="0" cb="0"/><line nr="423" mi="5" ci="0" mb="4" cb="0"/><line nr="425" mi="3" ci="0" mb="0" cb="0"/><line nr="426" mi="5" ci="0" mb="4" cb="0"/><line nr="427" mi="2" ci="0" mb="0" cb="0"/><line nr="429" mi="1" ci="0" mb="0" cb="0"/><line nr="430" mi="2" ci="0" mb="0" cb="0"/><line nr="431" mi="1" ci="0" mb="0" cb="0"/><line nr="435" mi="4" ci="0" mb="0" cb="0"/><line nr="436" mi="6" ci="0" mb="4" cb="0"/><line nr="437" mi="2" ci="0" mb="0" cb="0"/><line nr="440" mi="2" ci="0" mb="0" cb="0"/><line nr="449" mi="0" ci="2" mb="1" cb="1"/><line nr="450" mi="2" ci="0" mb="0" cb="0"/><line nr="453" mi="0" ci="5" mb="0" cb="2"/><line nr="454" mi="0" ci="2" mb="0" cb="0"/><line nr="458" mi="0" ci="8" mb="0" cb="0"/><line nr="459" mi="0" ci="4" mb="0" cb="0"/><line nr="460" mi="0" ci="6" mb="1" cb="1"/><line nr="461" mi="0" ci="2" mb="1" cb="1"/><line nr="462" mi="2" ci="0" mb="0" cb="0"/><line nr="464" mi="1" ci="0" mb="0" cb="0"/><line nr="465" mi="2" ci="0" mb="0" cb="0"/><line nr="466" mi="0" ci="1" mb="0" cb="0"/><line nr="468" mi="0" ci="5" mb="0" cb="0"/><line nr="469" mi="0" ci="6" mb="2" cb="2"/><line nr="470" mi="2" ci="0" mb="0" cb="0"/><line nr="473" mi="0" ci="2" mb="0" cb="0"/><line nr="482" mi="0" ci="2" mb="0" cb="2"/><line nr="483" mi="0" ci="2" mb="0" cb="0"/><line nr="486" mi="0" ci="5" mb="0" cb="0"/><line nr="495" mi="0" ci="2" mb="0" cb="2"/><line nr="496" mi="0" ci="2" mb="0" cb="0"/><line nr="499" mi="0" ci="4" mb="0" cb="0"/><line nr="509" mi="0" ci="2" mb="0" cb="0"/><line nr="510" mi="0" ci="2" mb="0" cb="0"/><line nr="511" mi="0" ci="3" mb="0" cb="2"/><line nr="512" mi="0" ci="5" mb="0" cb="0"/><line nr="513" mi="0" ci="3" mb="1" cb="1"/><line nr="514" mi="1" ci="0" mb="0" cb="0"/><line nr="515" mi="2" ci="0" mb="0" cb="0"/><line nr="518" mi="0" ci="2" mb="0" cb="0"/><line nr="530" mi="0" ci="11" mb="0" cb="2"/><line nr="542" mi="0" ci="11" mb="0" cb="2"/><line nr="547" mi="4" ci="0" mb="0" cb="0"/><counter type="INSTRUCTION" missed="128" covered="292"/><counter type="BRANCH" missed="37" covered="49"/><counter type="LINE" missed="45" covered="78"/><counter type="COMPLEXITY" missed="29" covered="32"/><counter type="METHOD" missed="4" covered="14"/><counter type="CLASS" missed="0" covered="1"/></sourcefile><sourcefile name="ResultPair.java"><line nr="28" mi="2" ci="0" mb="0" cb="0"/><line nr="29" mi="3" ci="0" mb="0" cb="0"/><line nr="30" mi="7" ci="0" mb="2" cb="0"/><line nr="31" mi="1" ci="0" mb="0" cb="0"/><counter type="INSTRUCTION" missed="13" covered="0"/><counter type="BRANCH" missed="2" covered="0"/><counter type="LINE" missed="4" covered="0"/><counter type="COMPLEXITY" missed="2" covered="0"/><counter type="METHOD" missed="1" covered="0"/><counter type="CLASS" missed="1" covered="0"/></sourcefile><sourcefile name="DomainValidator.java"><line nr="67" mi="0" ci="3" mb="0" cb="0"/><line nr="96" mi="5" ci="0" mb="0" cb="0"/><line nr="102" mi="5" ci="0" mb="0" cb="0"/><line nr="107" mi="6" ci="0" mb="0" cb="0"/><line nr="113" mi="6" ci="0" mb="0" cb="0"/><line nr="122" mi="2" ci="0" mb="0" cb="0"/><line nr="123" mi="2" ci="0" mb="0" cb="0"/><line nr="133" mi="2" ci="0" mb="0" cb="0"/><line nr="134" mi="2" ci="0" mb="2" cb="0"/><line nr="135" mi="2" ci="0" mb="0" cb="0"/><line nr="137" mi="2" ci="0" mb="0" cb="0"/><line nr="141" mi="0" ci="2" mb="0" cb="0"/><line nr="142" mi="3" ci="0" mb="0" cb="0"/><line nr="143" mi="1" ci="0" mb="0" cb="0"/><line nr="153" mi="2" ci="0" mb="2" cb="0"/><line nr="154" mi="2" ci="0" mb="0" cb="0"/><line nr="156" mi="3" ci="0" mb="0" cb="0"/><line nr="161" mi="4" ci="0" mb="2" cb="0"/><line nr="162" mi="2" ci="0" mb="0" cb="0"/><line nr="164" mi="5" ci="0" mb="0" cb="0"/><line nr="165" mi="5" ci="0" mb="4" cb="0"/><line nr="166" mi="10" ci="0" mb="2" cb="0"/><line nr="168" mi="12" ci="0" mb="4" cb="0"/><line nr="174" mi="2" ci="0" mb="2" cb="0"/><line nr="175" mi="2" ci="0" mb="0" cb="0"/><line nr="177" mi="3" ci="0" mb="0" cb="0"/><line nr="182" mi="4" ci="0" mb="2" cb="0"/><line nr="183" mi="2" ci="0" mb="0" cb="0"/><line nr="185" mi="5" ci="0" mb="0" cb="0"/><line nr="186" mi="9" ci="0" mb="4" cb="0"/><line nr="187" mi="5" ci="0" mb="2" cb="0"/><line nr="198" mi="3" ci="0" mb="0" cb="0"/><line nr="199" mi="7" ci="0" mb="4" cb="0"/><line nr="200" mi="2" ci="0" mb="0" cb="0"/><line nr="202" mi="7" ci="0" mb="2" cb="0"/><line nr="203" mi="4" ci="0" mb="2" cb="0"/><line nr="204" mi="5" ci="0" mb="2" cb="0"/><line nr="215" mi="7" ci="0" mb="0" cb="0"/><line nr="216" mi="4" ci="0" mb="0" cb="0"/><line nr="227" mi="7" ci="0" mb="0" cb="0"/><line nr="228" mi="11" ci="0" mb="4" cb="0"/><line nr="229" mi="5" ci="0" mb="2" cb="0"/><line nr="240" mi="7" ci="0" mb="0" cb="0"/><line nr="241" mi="11" ci="0" mb="4" cb="0"/><line nr="242" mi="5" ci="0" mb="2" cb="0"/><line nr="253" mi="7" ci="0" mb="0" cb="0"/><line nr="254" mi="4" ci="0" mb="0" cb="0"/><line nr="258" mi="4" ci="0" mb="2" cb="0"/><line nr="259" mi="4" ci="0" mb="0" cb="0"/><line nr="261" mi="2" ci="0" mb="0" cb="0"/><line nr="280" mi="7" ci="0" mb="0" cb="0"/><line nr="285" mi="4939" ci="0" mb="0" cb="0"/><line nr="1528" mi="1175" ci="0" mb="0" cb="0"/><line nr="1827" mi="11" ci="0" mb="0" cb="0"/><line nr="1841" mi="2" ci="0" mb="0" cb="0"/><line nr="1849" mi="2" ci="0" mb="0" cb="0"/><line nr="1852" mi="2" ci="0" mb="0" cb="0"/><line nr="1855" mi="2" ci="0" mb="0" cb="0"/><line nr="1858" mi="3" ci="0" mb="0" cb="0"/><line nr="1866" mi="41" ci="0" mb="0" cb="0"/><line nr="1868" mi="6" ci="0" mb="0" cb="0"/><line nr="1870" mi="6" ci="0" mb="0" cb="0"/><line nr="1872" mi="6" ci="0" mb="0" cb="0"/><line nr="1874" mi="6" ci="0" mb="0" cb="0"/><line nr="1876" mi="6" ci="0" mb="0" cb="0"/><line nr="1878" mi="6" ci="0" mb="0" cb="0"/><line nr="1880" mi="6" ci="0" mb="0" cb="0"/><line nr="1882" mi="6" ci="0" mb="0" cb="0"/><line nr="1888" mi="2" ci="0" mb="0" cb="0"/><line nr="1889" mi="2" ci="0" mb="0" cb="0"/><line nr="1890" mi="2" ci="0" mb="0" cb="0"/><line nr="1891" mi="2" ci="0" mb="0" cb="0"/><line nr="1892" mi="2" ci="0" mb="0" cb="0"/><line nr="1893" mi="1" ci="0" mb="0" cb="0"/><line nr="1918" mi="2" ci="0" mb="2" cb="0"/><line nr="1919" mi="5" ci="0" mb="0" cb="0"/><line nr="1921" mi="4" ci="0" mb="0" cb="0"/><line nr="1923" mi="8" ci="0" mb="2" cb="0"/><line nr="1924" mi="8" ci="0" mb="0" cb="0"/><line nr="1926" mi="2" ci="0" mb="0" cb="0"/><line nr="1927" mi="66" ci="0" mb="6" cb="0"/><line nr="1929" mi="2" ci="0" mb="0" cb="0"/><line nr="1930" mi="1" ci="0" mb="0" cb="0"/><line nr="1932" mi="2" ci="0" mb="0" cb="0"/><line nr="1933" mi="1" ci="0" mb="0" cb="0"/><line nr="1935" mi="2" ci="0" mb="0" cb="0"/><line nr="1936" mi="1" ci="0" mb="0" cb="0"/><line nr="1938" mi="2" ci="0" mb="0" cb="0"/><line nr="1939" mi="1" ci="0" mb="0" cb="0"/><line nr="1944" mi="12" ci="0" mb="0" cb="0"/><line nr="1946" mi="12" ci="0" mb="0" cb="0"/><line nr="1948" mi="1" ci="0" mb="0" cb="0"/><line nr="1959" mi="5" ci="0" mb="9" cb="0"/><line nr="1961" mi="2" ci="0" mb="0" cb="0"/><line nr="1962" mi="1" ci="0" mb="0" cb="0"/><line nr="1964" mi="2" ci="0" mb="0" cb="0"/><line nr="1965" mi="1" ci="0" mb="0" cb="0"/><line nr="1967" mi="2" ci="0" mb="0" cb="0"/><line nr="1968" mi="1" ci="0" mb="0" cb="0"/><line nr="1970" mi="2" ci="0" mb="0" cb="0"/><line nr="1971" mi="1" ci="0" mb="0" cb="0"/><line nr="1973" mi="2" ci="0" mb="0" cb="0"/><line nr="1974" mi="1" ci="0" mb="0" cb="0"/><line nr="1976" mi="2" ci="0" mb="0" cb="0"/><line nr="1977" mi="1" ci="0" mb="0" cb="0"/><line nr="1979" mi="2" ci="0" mb="0" cb="0"/><line nr="1980" mi="1" ci="0" mb="0" cb="0"/><line nr="1982" mi="2" ci="0" mb="0" cb="0"/><line nr="1983" mi="1" ci="0" mb="0" cb="0"/><line nr="1985" mi="12" ci="0" mb="0" cb="0"/><line nr="1987" mi="6" ci="0" mb="0" cb="0"/><line nr="1999" mi="3" ci="0" mb="2" cb="0"/><line nr="2000" mi="2" ci="0" mb="0" cb="0"/><line nr="2003" mi="3" ci="0" mb="0" cb="0"/><line nr="2004" mi="2" ci="0" mb="2" cb="0"/><line nr="2005" mi="2" ci="0" mb="0" cb="0"/><line nr="2007" mi="3" ci="0" mb="0" cb="0"/><line nr="2008" mi="2" ci="0" mb="2" cb="0"/><line nr="2009" mi="2" ci="0" mb="0" cb="0"/><line nr="2016" mi="6" ci="0" mb="0" cb="0"/><line nr="2017" mi="2" ci="0" mb="2" cb="0"/><line nr="2022" mi="9" ci="0" mb="0" cb="0"/><line nr="2024" mi="2" ci="0" mb="0" cb="0"/><line nr="2026" mi="1" ci="0" mb="0" cb="0"/><line nr="2027" mi="2" ci="0" mb="0" cb="0"/><line nr="2033" mi="2" ci="0" mb="0" cb="0"/><line nr="2034" mi="5" ci="0" mb="0" cb="0"/><line nr="2036" mi="3" ci="0" mb="0" cb="0"/><line nr="2044" mi="2" ci="0" mb="2" cb="0"/><line nr="2045" mi="2" ci="0" mb="0" cb="0"/><line nr="2047" mi="8" ci="0" mb="2" cb="0"/><line nr="2048" mi="5" ci="0" mb="2" cb="0"/><line nr="2049" mi="2" ci="0" mb="0" cb="0"/><line nr="2052" mi="2" ci="0" mb="0" cb="0"/><line nr="2063" mi="8" ci="0" mb="2" cb="0"/><counter type="INSTRUCTION" missed="6723" covered="5"/><counter type="BRANCH" missed="85" covered="0"/><counter type="LINE" missed="133" covered="2"/><counter type="COMPLEXITY" missed="69" covered="2"/><counter type="METHOD" missed="21" covered="2"/><counter type="CLASS" missed="3" covered="1"/></sourcefile><sourcefile name="InetAddressValidator.java"><line nr="36" mi="2" ci="0" mb="0" cb="0"/><line nr="58" mi="5" ci="0" mb="0" cb="0"/><line nr="61" mi="7" ci="0" mb="0" cb="0"/><line nr="68" mi="2" ci="0" mb="0" cb="0"/><line nr="77" mi="12" ci="0" mb="4" cb="0"/><line nr="87" mi="5" ci="0" mb="0" cb="0"/><line nr="88" mi="2" ci="0" mb="2" cb="0"/><line nr="89" mi="2" ci="0" mb="0" cb="0"/><line nr="93" mi="16" ci="0" mb="2" cb="0"/><line nr="94" mi="5" ci="0" mb="4" cb="0"/><line nr="95" mi="2" ci="0" mb="0" cb="0"/><line nr="98" mi="2" ci="0" mb="0" cb="0"/><line nr="101" mi="3" ci="0" mb="0" cb="0"/><line nr="102" mi="1" ci="0" mb="0" cb="0"/><line nr="103" mi="2" ci="0" mb="0" cb="0"/><line nr="104" mi="1" ci="0" mb="0" cb="0"/><line nr="106" mi="3" ci="0" mb="2" cb="0"/><line nr="107" mi="2" ci="0" mb="0" cb="0"/><line nr="110" mi="8" ci="0" mb="4" cb="0"/><line nr="111" mi="2" ci="0" mb="0" cb="0"/><line nr="116" mi="2" ci="0" mb="0" cb="0"/><line nr="127" mi="4" ci="0" mb="0" cb="0"/><line nr="128" mi="9" ci="0" mb="4" cb="0"/><line nr="129" mi="2" ci="0" mb="0" cb="0"/><line nr="131" mi="10" ci="0" mb="4" cb="0"/><line nr="132" mi="6" ci="0" mb="4" cb="0"/><line nr="133" mi="2" ci="0" mb="0" cb="0"/><line nr="135" mi="4" ci="0" mb="0" cb="0"/><line nr="136" mi="2" ci="0" mb="2" cb="0"/><line nr="137" mi="6" ci="0" mb="0" cb="0"/><line nr="138" mi="4" ci="0" mb="2" cb="0"/><line nr="140" mi="5" ci="0" mb="0" cb="0"/><line nr="141" mi="7" ci="0" mb="4" cb="0"/><line nr="142" mi="4" ci="0" mb="0" cb="0"/><line nr="144" mi="7" ci="0" mb="0" cb="0"/><line nr="146" mi="4" ci="0" mb="2" cb="0"/><line nr="147" mi="2" ci="0" mb="0" cb="0"/><line nr="149" mi="2" ci="0" mb="0" cb="0"/><line nr="150" mi="2" ci="0" mb="0" cb="0"/><line nr="151" mi="8" ci="0" mb="2" cb="0"/><line nr="152" mi="4" ci="0" mb="0" cb="0"/><line nr="153" mi="3" ci="0" mb="2" cb="0"/><line nr="154" mi="1" ci="0" mb="0" cb="0"/><line nr="155" mi="3" ci="0" mb="2" cb="0"/><line nr="156" mi="2" ci="0" mb="0" cb="0"/><line nr="159" mi="2" ci="0" mb="0" cb="0"/><line nr="161" mi="10" ci="0" mb="4" cb="0"/><line nr="162" mi="4" ci="0" mb="2" cb="0"/><line nr="163" mi="2" ci="0" mb="0" cb="0"/><line nr="165" mi="1" ci="0" mb="0" cb="0"/><line nr="166" mi="1" ci="0" mb="0" cb="0"/><line nr="168" mi="4" ci="0" mb="2" cb="0"/><line nr="169" mi="2" ci="0" mb="0" cb="0"/><line nr="171" mi="2" ci="0" mb="0" cb="0"/><line nr="173" mi="4" ci="0" mb="0" cb="0"/><line nr="174" mi="1" ci="0" mb="0" cb="0"/><line nr="175" mi="2" ci="0" mb="0" cb="0"/><line nr="176" mi="1" ci="0" mb="0" cb="0"/><line nr="177" mi="5" ci="0" mb="4" cb="0"/><line nr="178" mi="2" ci="0" mb="0" cb="0"/><line nr="181" mi="1" ci="0" mb="0" cb="0"/><line nr="183" mi="8" ci="0" mb="6" cb="0"/><line nr="184" mi="2" ci="0" mb="0" cb="0"/><line nr="186" mi="2" ci="0" mb="0" cb="0"/><counter type="INSTRUCTION" missed="245" covered="0"/><counter type="BRANCH" missed="64" covered="0"/><counter type="LINE" missed="64" covered="0"/><counter type="COMPLEXITY" missed="38" covered="0"/><counter type="METHOD" missed="6" covered="0"/><counter type="CLASS" missed="1" covered="0"/></sourcefile><sourcefile name="RegexValidator.java"><line nr="83" mi="4" ci="0" mb="0" cb="0"/><line nr="84" mi="1" ci="0" mb="0" cb="0"/><line nr="96" mi="9" ci="0" mb="0" cb="0"/><line nr="97" mi="1" ci="0" mb="0" cb="0"/><line nr="107" mi="4" ci="0" mb="0" cb="0"/><line nr="108" mi="1" ci="0" mb="0" cb="0"/><line nr="119" mi="0" ci="2" mb="0" cb="0"/><line nr="120" mi="3" ci="2" mb="3" cb="1"/><line nr="121" mi="0" ci="5" mb="0" cb="0"/><line nr="123" mi="5" ci="0" mb="0" cb="0"/><line nr="124" mi="6" ci="0" mb="2" cb="0"/><line nr="125" mi="10" ci="0" mb="2" cb="0"/><line nr="126" mi="9" ci="0" mb="4" cb="0"/><line nr="127" mi="14" ci="0" mb="0" cb="0"/><line nr="129" mi="9" ci="0" mb="0" cb="0"/><line nr="131" mi="1" ci="0" mb="0" cb="0"/><line nr="141" mi="2" ci="0" mb="2" cb="0"/><line nr="142" mi="2" ci="0" mb="0" cb="0"/><line nr="144" mi="9" ci="0" mb="2" cb="0"/><line nr="145" mi="8" ci="0" mb="2" cb="0"/><line nr="146" mi="2" ci="0" mb="0" cb="0"/><line nr="149" mi="2" ci="0" mb="0" cb="0"/><line nr="161" mi="2" ci="0" mb="2" cb="0"/><line nr="162" mi="2" ci="0" mb="0" cb="0"/><line nr="164" mi="9" ci="0" mb="2" cb="0"/><line nr="165" mi="7" ci="0" mb="0" cb="0"/><line nr="166" mi="3" ci="0" mb="2" cb="0"/><line nr="167" mi="3" ci="0" mb="0" cb="0"/><line nr="168" mi="3" ci="0" mb="0" cb="0"/><line nr="169" mi="7" ci="0" mb="2" cb="0"/><line nr="170" mi="8" ci="0" mb="0" cb="0"/><line nr="172" mi="2" ci="0" mb="0" cb="0"/><line nr="175" mi="2" ci="0" mb="0" cb="0"/><line nr="188" mi="2" ci="0" mb="2" cb="0"/><line nr="189" mi="2" ci="0" mb="0" cb="0"/><line nr="191" mi="9" ci="0" mb="2" cb="0"/><line nr="192" mi="7" ci="0" mb="0" cb="0"/><line nr="193" mi="3" ci="0" mb="2" cb="0"/><line nr="194" mi="3" ci="0" mb="0" cb="0"/><line nr="195" mi="3" ci="0" mb="2" cb="0"/><line nr="196" mi="4" ci="0" mb="0" cb="0"/><line nr="198" mi="4" ci="0" mb="0" cb="0"/><line nr="199" mi="7" ci="0" mb="2" cb="0"/><line nr="200" mi="6" ci="0" mb="0" cb="0"/><line nr="201" mi="2" ci="0" mb="2" cb="0"/><line nr="202" mi="4" ci="0" mb="0" cb="0"/><line nr="205" mi="3" ci="0" mb="0" cb="0"/><line nr="208" mi="2" ci="0" mb="0" cb="0"/><line nr="217" mi="4" ci="0" mb="0" cb="0"/><line nr="218" mi="4" ci="0" mb="0" cb="0"/><line nr="219" mi="9" ci="0" mb="2" cb="0"/><line nr="220" mi="2" ci="0" mb="2" cb="0"/><line nr="221" mi="4" ci="0" mb="0" cb="0"/><line nr="223" mi="8" ci="0" mb="0" cb="0"/><line nr="225" mi="4" ci="0" mb="0" cb="0"/><line nr="226" mi="3" ci="0" mb="0" cb="0"/><counter type="INSTRUCTION" missed="249" covered="9"/><counter type="BRANCH" missed="41" covered="1"/><counter type="LINE" missed="53" covered="3"/><counter type="COMPLEXITY" missed="28" covered="1"/><counter type="METHOD" missed="7" covered="1"/><counter type="CLASS" missed="0" covered="1"/></sourcefile><counter type="INSTRUCTION" missed="7358" covered="306"/><counter type="BRANCH" missed="229" covered="50"/><counter type="LINE" missed="299" covered="83"/><counter type="COMPLEXITY" missed="166" covered="35"/><counter type="METHOD" missed="39" covered="17"/><counter type="CLASS" missed="5" covered="3"/></package><counter type="INSTRUCTION" missed="7729" covered="306"/><counter type="BRANCH" missed="241" covered="50"/><counter type="LINE" missed="321" covered="83"/><counter type="COMPLEXITY" missed="180" covered="35"/><counter type="METHOD" missed="47" covered="17"/><counter type="CLASS" missed="6" covered="3"/></report>